<?xml version="1.0" encoding="UTF-8"?>
<!-- Generated by org.testng.reporters.JUnitReportReporter -->
<testsuite skipped="0" hostname="DESKTOP-L2O0OSU" name="Test" tests="1" failures="0" timestamp="26 Jul 2019 13:00:53 GMT" time="8.891" errors="0">
  <testcase name="test" time="8.891" classname="Test"/>
</testsuite> <!-- Test -->
